SF:lib/main.dart
DA:11,3
DA:14,1
DA:16,1
DA:19,1
DA:22,1
DA:23,0
DA:24,1
DA:31,1
DA:33,1
DA:34,1
DA:35,1
DA:36,1
DA:37,2
DA:38,1
DA:39,1
DA:40,1
DA:44,1
DA:45,2
DA:46,1
DA:47,1
DA:48,1
DA:53,1
DA:54,1
DA:55,2
DA:56,1
DA:57,2
DA:58,1
DA:59,1
DA:61,1
DA:65,1
DA:66,1
DA:67,3
DA:68,1
DA:73,1
DA:74,1
DA:75,1
DA:81,1
DA:82,4
DA:88,1
DA:93,1
DA:95,1
DA:96,1
DA:97,4
DA:98,1
DA:99,1
LF:45
LH:44
end_of_record
SF:lib/bloc/grid_bloc.dart
DA:13,2
DA:14,4
DA:17,2
DA:18,2
DA:21,2
DA:22,2
DA:23,8
DA:24,4
DA:25,4
DA:26,6
DA:28,2
DA:29,4
DA:30,6
DA:31,4
DA:32,4
DA:34,6
LF:16
LH:16
end_of_record
SF:lib/bloc/grid_event.dart
DA:9,2
LF:1
LH:1
end_of_record
SF:lib/bloc/grid_state.dart
DA:9,1
DA:10,1
DA:14,2
DA:18,2
DA:19,4
DA:23,2
DA:27,0
DA:28,0
DA:32,1
DA:33,1
LF:10
LH:8
end_of_record
SF:lib/model/tile.dart
DA:9,2
DA:10,1
DA:11,1
DA:13,1
DA:14,2
LF:5
LH:5
end_of_record
SF:lib/utils/grid_helper.dart
DA:7,1
DA:8,2
DA:9,2
DA:12,1
DA:18,1
DA:19,1
DA:20,1
LF:7
LH:7
end_of_record
SF:lib/widget/initial_state_widget.dart
DA:4,2
DA:6,2
DA:7,2
DA:8,2
DA:9,2
DA:10,2
DA:12,2
LF:7
LH:7
end_of_record
SF:lib/widget/no_tile_left_widget.dart
DA:4,2
DA:6,2
DA:8,2
DA:9,2
DA:10,2
DA:12,2
LF:6
LH:6
end_of_record
